\BOOKMARK [0][-]{chapter.1}{Introduction}{}% 1
\BOOKMARK [1][-]{section.1.1}{Purpose}{chapter.1}% 2
\BOOKMARK [1][-]{section.1.2}{Scope}{chapter.1}% 3
\BOOKMARK [2][-]{subsection.1.2.1}{Description of the given problem}{section.1.2}% 4
\BOOKMARK [2][-]{subsection.1.2.2}{Current system}{section.1.2}% 5
\BOOKMARK [2][-]{subsection.1.2.3}{Goals}{section.1.2}% 6
\BOOKMARK [1][-]{section.1.3}{Definitions, acronyms and abbreviations}{chapter.1}% 7
\BOOKMARK [2][-]{subsection.1.3.1}{Definitions}{section.1.3}% 8
\BOOKMARK [2][-]{subsection.1.3.2}{Acronyms}{section.1.3}% 9
\BOOKMARK [2][-]{subsection.1.3.3}{Abbreviations}{section.1.3}% 10
\BOOKMARK [1][-]{section.1.4}{References}{chapter.1}% 11
\BOOKMARK [1][-]{section.1.5}{Overview}{chapter.1}% 12
\BOOKMARK [0][-]{chapter.2}{Overall Description}{}% 13
\BOOKMARK [1][-]{section.2.1}{Product perspective}{chapter.2}% 14
\BOOKMARK [1][-]{section.2.2}{User Characteristics}{chapter.2}% 15
\BOOKMARK [2][-]{subsection.2.2.1}{Actors}{section.2.2}% 16
\BOOKMARK [1][-]{section.2.3}{Constraints}{chapter.2}% 17
\BOOKMARK [2][-]{subsection.2.3.1}{Regulatory policies}{section.2.3}% 18
\BOOKMARK [2][-]{subsection.2.3.2}{Hardware limitations}{section.2.3}% 19
\BOOKMARK [2][-]{subsection.2.3.3}{Interface to other applications}{section.2.3}% 20
\BOOKMARK [1][-]{section.2.4}{Assumptions and dependencies}{chapter.2}% 21
\BOOKMARK [2][-]{subsection.2.4.1}{Text Assumptions}{section.2.4}% 22
\BOOKMARK [2][-]{subsection.2.4.2}{Domain assumptions}{section.2.4}% 23
